app/build/intermediates/manifest_merge_blame_file/githubDebug/processGithubDebugMainManifest/manifest-merger-blame-github-debug-report.txt
1<?xml version="1.0" encoding="utf-8"?>
2<manifest xmlns:android="http://schemas.android.com/apk/res/android"
3    package="de.ph1b.audiobook.debug"
4    android:versionCode="1"
5    android:versionName="1.0.0-debug" >
6
7    <uses-sdk
7-->INJECTED
8        android:minSdkVersion="28"
8-->INJECTED
9        android:targetSdkVersion="36" />
9-->INJECTED
10
11    <uses-permission android:name="android.permission.ACCESS_NETWORK_STATE" />
11-->src/main/AndroidManifest.xml:5:3-77
11-->src/main/AndroidManifest.xml:5:20-74
12    <uses-permission android:name="android.permission.FOREGROUND_SERVICE" />
12-->src/main/AndroidManifest.xml:6:3-75
12-->src/main/AndroidManifest.xml:6:20-72
13    <uses-permission android:name="android.permission.FOREGROUND_SERVICE_MEDIA_PLAYBACK" />
13-->src/main/AndroidManifest.xml:7:3-90
13-->src/main/AndroidManifest.xml:7:20-87
14    <uses-permission android:name="android.permission.INTERNET" />
14-->src/main/AndroidManifest.xml:8:3-65
14-->src/main/AndroidManifest.xml:8:20-62
15    <uses-permission android:name="android.permission.WAKE_LOCK" />
15-->src/main/AndroidManifest.xml:9:3-66
15-->src/main/AndroidManifest.xml:9:20-63
16    <uses-permission android:name="android.permission.REQUEST_IGNORE_BATTERY_OPTIMIZATIONS" />
16-->src/main/AndroidManifest.xml:10:3-93
16-->src/main/AndroidManifest.xml:10:20-90
17
18    <permission
18-->[androidx.core:core:1.18.0] AndroidManifest.xml:22:5-24:47
19        android:name="de.ph1b.audiobook.debug.DYNAMIC_RECEIVER_NOT_EXPORTED_PERMISSION"
19-->[androidx.core:core:1.18.0] AndroidManifest.xml:23:9-81
20        android:protectionLevel="signature" />
20-->[androidx.core:core:1.18.0] AndroidManifest.xml:24:9-44
21
22    <uses-permission android:name="de.ph1b.audiobook.debug.DYNAMIC_RECEIVER_NOT_EXPORTED_PERMISSION" />
22-->[androidx.core:core:1.18.0] AndroidManifest.xml:26:5-97
22-->[androidx.core:core:1.18.0] AndroidManifest.xml:26:22-94
23
24    <application
24-->src/main/AndroidManifest.xml:15:3-101:17
25        android:name="voice.app.di.App"
25-->src/main/AndroidManifest.xml:17:5-27
26        android:appCategory="audio"
26-->src/main/AndroidManifest.xml:19:5-32
27        android:appComponentFactory="androidx.core.app.CoreComponentFactory"
27-->[androidx.core:core:1.18.0] AndroidManifest.xml:28:18-86
28        android:debuggable="true"
29        android:enableOnBackInvokedCallback="true"
29-->src/main/AndroidManifest.xml:16:5-47
30        android:extractNativeLibs="false"
30-->INJECTED
31        android:icon="@drawable/ic_launcher"
31-->src/main/AndroidManifest.xml:18:5-41
32        android:label="@string/app_name"
32-->src/main/AndroidManifest.xml:20:5-37
33        android:localeConfig="@xml/_generated_res_locale_config"
34        android:supportsRtl="true"
34-->src/main/AndroidManifest.xml:21:5-31
35        android:theme="@style/AppTheme" >
35-->src/main/AndroidManifest.xml:22:5-36
36        <meta-data
36-->src/main/AndroidManifest.xml:25:5-27:53
37            android:name="com.google.android.gms.car.application"
37-->src/main/AndroidManifest.xml:26:7-60
38            android:resource="@xml/automotive_app_desc" />
38-->src/main/AndroidManifest.xml:27:7-50
39
40        <!-- auto notification -->
41        <meta-data
41-->src/main/AndroidManifest.xml:30:5-33:41
42            android:name="com.google.android.gms.car.notification.SmallIcon"
42-->src/main/AndroidManifest.xml:31:7-71
43            android:resource="@drawable/ic_notification" />
43-->src/main/AndroidManifest.xml:32:7-51
44
45        <!-- auto theme -->
46        <meta-data
46-->src/main/AndroidManifest.xml:36:5-38:44
47            android:name="com.google.android.gms.car.application.theme"
47-->src/main/AndroidManifest.xml:37:7-66
48            android:resource="@style/AppTheme" />
48-->src/main/AndroidManifest.xml:38:7-41
49
50        <activity
50-->src/main/AndroidManifest.xml:54:5-63:16
51            android:name="voice.app.MainActivity"
51-->src/main/AndroidManifest.xml:55:7-35
52            android:exported="true"
52-->src/main/AndroidManifest.xml:57:7-30
53            android:windowSoftInputMode="adjustResize" >
53-->src/main/AndroidManifest.xml:56:7-49
54            <intent-filter>
54-->src/main/AndroidManifest.xml:59:7-62:23
55                <action android:name="android.media.action.MEDIA_PLAY_FROM_SEARCH" />
55-->src/main/AndroidManifest.xml:60:9-78
55-->src/main/AndroidManifest.xml:60:17-75
56
57                <category android:name="android.intent.category.DEFAULT" />
57-->src/main/AndroidManifest.xml:61:9-68
57-->src/main/AndroidManifest.xml:61:19-65
58            </intent-filter>
59        </activity>
60
61        <activity-alias
61-->src/main/AndroidManifest.xml:40:5-52:22
62            android:name="voice.app.features.MainActivity"
62-->src/main/AndroidManifest.xml:41:7-44
63            android:exported="true"
63-->src/main/AndroidManifest.xml:43:7-30
64            android:targetActivity="voice.app.MainActivity" >
64-->src/main/AndroidManifest.xml:42:7-45
65            <intent-filter>
65-->src/main/AndroidManifest.xml:44:7-47:23
66                <action android:name="android.intent.action.MAIN" />
66-->src/main/AndroidManifest.xml:45:9-61
66-->src/main/AndroidManifest.xml:45:17-58
67
68                <category android:name="android.intent.category.LAUNCHER" />
68-->src/main/AndroidManifest.xml:46:9-69
68-->src/main/AndroidManifest.xml:46:19-66
69            </intent-filter>
70
71            <meta-data
71-->src/main/AndroidManifest.xml:49:7-51:45
72                android:name="android.app.shortcuts"
72-->src/main/AndroidManifest.xml:50:9-45
73                android:resource="@xml/shortcuts" />
73-->src/main/AndroidManifest.xml:51:9-42
74        </activity-alias>
75
76        <service
76-->src/main/AndroidManifest.xml:65:5-75:15
77            android:name="voice.core.playback.session.PlaybackService"
77-->src/main/AndroidManifest.xml:66:7-65
78            android:enabled="true"
78-->src/main/AndroidManifest.xml:69:7-29
79            android:exported="true"
79-->src/main/AndroidManifest.xml:68:7-30
80            android:foregroundServiceType="mediaPlayback" >
80-->src/main/AndroidManifest.xml:67:7-52
81            <intent-filter>
81-->src/main/AndroidManifest.xml:71:7-74:23
82                <action android:name="androidx.media3.session.MediaLibraryService" />
82-->src/main/AndroidManifest.xml:72:9-78
82-->src/main/AndroidManifest.xml:72:17-75
83                <action android:name="android.media.browse.MediaBrowserService" />
83-->src/main/AndroidManifest.xml:73:9-75
83-->src/main/AndroidManifest.xml:73:17-72
84            </intent-filter>
85        </service>
86
87        <receiver
87-->src/main/AndroidManifest.xml:77:5-89:16
88            android:name="voice.app.features.widget.BaseWidgetProvider"
88-->src/main/AndroidManifest.xml:78:7-57
89            android:exported="true"
89-->src/main/AndroidManifest.xml:81:7-30
90            android:icon="@drawable/ic_launcher"
90-->src/main/AndroidManifest.xml:79:7-43
91            android:label="@string/app_name" >
91-->src/main/AndroidManifest.xml:80:7-39
92            <intent-filter>
92-->src/main/AndroidManifest.xml:82:7-84:23
93                <action android:name="android.appwidget.action.APPWIDGET_UPDATE" />
93-->src/main/AndroidManifest.xml:83:9-76
93-->src/main/AndroidManifest.xml:83:17-73
94            </intent-filter>
95
96            <meta-data
96-->src/main/AndroidManifest.xml:86:7-88:47
97                android:name="android.appwidget.provider"
97-->src/main/AndroidManifest.xml:87:9-50
98                android:resource="@xml/widget_info" />
98-->src/main/AndroidManifest.xml:88:9-44
99        </receiver>
100
101        <provider
101-->INJECTED
102            android:name="androidx.core.content.FileProvider"
102-->src/main/AndroidManifest.xml:92:7-56
103            android:authorities="de.ph1b.audiobook.debug.coverprovider"
103-->INJECTED
104            android:exported="false"
104-->src/main/AndroidManifest.xml:94:7-31
105            android:grantUriPermissions="true" >
105-->src/main/AndroidManifest.xml:95:7-41
106            <meta-data
106-->src/main/AndroidManifest.xml:96:7-98:47
107                android:name="android.support.FILE_PROVIDER_PATHS"
107-->src/main/AndroidManifest.xml:97:9-59
108                android:resource="@xml/cover_paths" />
108-->src/main/AndroidManifest.xml:98:9-44
109        </provider>
110
111        <receiver
111-->[:core:playback] AndroidManifest.xml:9:9-15:20
112            android:name="androidx.media3.session.MediaButtonReceiver"
112-->[:core:playback] AndroidManifest.xml:10:13-71
113            android:exported="true" >
113-->[:core:playback] AndroidManifest.xml:11:13-36
114            <intent-filter>
114-->[:core:playback] AndroidManifest.xml:12:13-14:29
115                <action android:name="android.intent.action.MEDIA_BUTTON" />
115-->[:core:playback] AndroidManifest.xml:13:17-77
115-->[:core:playback] AndroidManifest.xml:13:25-74
116            </intent-filter>
117        </receiver> <!-- exported to be used with tasker -->
118        <receiver
118-->[:core:playback] AndroidManifest.xml:18:9-25:20
119            android:name="voice.core.playback.receiver.WidgetButtonReceiver"
119-->[:core:playback] AndroidManifest.xml:19:13-77
120            android:exported="true" >
120-->[:core:playback] AndroidManifest.xml:20:13-36
121            <intent-filter>
121-->[:core:playback] AndroidManifest.xml:22:13-24:29
122                <action android:name="voice.WidgetAction" />
122-->[:core:playback] AndroidManifest.xml:23:17-61
122-->[:core:playback] AndroidManifest.xml:23:25-58
123            </intent-filter>
124        </receiver>
125
126        <activity
126-->[androidx.compose.ui:ui-tooling-android:1.11.0] AndroidManifest.xml:23:9-25:39
127            android:name="androidx.compose.ui.tooling.PreviewActivity"
127-->[androidx.compose.ui:ui-tooling-android:1.11.0] AndroidManifest.xml:24:13-71
128            android:exported="true" />
128-->[androidx.compose.ui:ui-tooling-android:1.11.0] AndroidManifest.xml:25:13-36
129
130        <provider
130-->[androidx.emoji2:emoji2:1.4.0] AndroidManifest.xml:24:9-32:20
131            android:name="androidx.startup.InitializationProvider"
131-->[androidx.emoji2:emoji2:1.4.0] AndroidManifest.xml:25:13-67
132            android:authorities="de.ph1b.audiobook.debug.androidx-startup"
132-->[androidx.emoji2:emoji2:1.4.0] AndroidManifest.xml:26:13-68
133            android:exported="false" >
133-->[androidx.emoji2:emoji2:1.4.0] AndroidManifest.xml:27:13-37
134            <meta-data
134-->[androidx.emoji2:emoji2:1.4.0] AndroidManifest.xml:29:13-31:52
135                android:name="androidx.emoji2.text.EmojiCompatInitializer"
135-->[androidx.emoji2:emoji2:1.4.0] AndroidManifest.xml:30:17-75
136                android:value="androidx.startup" />
136-->[androidx.emoji2:emoji2:1.4.0] AndroidManifest.xml:31:17-49
137            <meta-data
137-->[androidx.lifecycle:lifecycle-process:2.10.0] AndroidManifest.xml:29:13-31:52
138                android:name="androidx.lifecycle.ProcessLifecycleInitializer"
138-->[androidx.lifecycle:lifecycle-process:2.10.0] AndroidManifest.xml:30:17-78
139                android:value="androidx.startup" />
139-->[androidx.lifecycle:lifecycle-process:2.10.0] AndroidManifest.xml:31:17-49
140            <meta-data
140-->[com.squareup.okhttp3:okhttp-android:5.3.2] AndroidManifest.xml:16:13-18:52
141                android:name="okhttp3.internal.platform.PlatformInitializer"
141-->[com.squareup.okhttp3:okhttp-android:5.3.2] AndroidManifest.xml:17:17-77
142                android:value="androidx.startup" />
142-->[com.squareup.okhttp3:okhttp-android:5.3.2] AndroidManifest.xml:18:17-49
143            <meta-data
143-->[androidx.profileinstaller:profileinstaller:1.4.0] AndroidManifest.xml:29:13-31:52
144                android:name="androidx.profileinstaller.ProfileInstallerInitializer"
144-->[androidx.profileinstaller:profileinstaller:1.4.0] AndroidManifest.xml:30:17-85
145                android:value="androidx.startup" />
145-->[androidx.profileinstaller:profileinstaller:1.4.0] AndroidManifest.xml:31:17-49
146        </provider>
147
148        <uses-library
148-->[androidx.window:window:1.5.0] AndroidManifest.xml:23:9-25:40
149            android:name="androidx.window.extensions"
149-->[androidx.window:window:1.5.0] AndroidManifest.xml:24:13-54
150            android:required="false" />
150-->[androidx.window:window:1.5.0] AndroidManifest.xml:25:13-37
151        <uses-library
151-->[androidx.window:window:1.5.0] AndroidManifest.xml:26:9-28:40
152            android:name="androidx.window.sidecar"
152-->[androidx.window:window:1.5.0] AndroidManifest.xml:27:13-51
153            android:required="false" />
153-->[androidx.window:window:1.5.0] AndroidManifest.xml:28:13-37
154
155        <activity
155-->[androidx.compose.ui:ui-test-manifest:1.11.0] AndroidManifest.xml:23:9-26:79
156            android:name="androidx.activity.ComponentActivity"
156-->[androidx.compose.ui:ui-test-manifest:1.11.0] AndroidManifest.xml:24:13-63
157            android:exported="true"
157-->[androidx.compose.ui:ui-test-manifest:1.11.0] AndroidManifest.xml:25:13-36
158            android:theme="@android:style/Theme.Material.Light.NoActionBar" />
158-->[androidx.compose.ui:ui-test-manifest:1.11.0] AndroidManifest.xml:26:13-76
159
160        <service
160-->[androidx.room:room-runtime-android:2.8.4] AndroidManifest.xml:24:9-28:63
161            android:name="androidx.room.MultiInstanceInvalidationService"
161-->[androidx.room:room-runtime-android:2.8.4] AndroidManifest.xml:25:13-74
162            android:directBootAware="true"
162-->[androidx.room:room-runtime-android:2.8.4] AndroidManifest.xml:26:13-43
163            android:exported="false" />
163-->[androidx.room:room-runtime-android:2.8.4] AndroidManifest.xml:27:13-37
164
165        <receiver
165-->[androidx.profileinstaller:profileinstaller:1.4.0] AndroidManifest.xml:34:9-52:20
166            android:name="androidx.profileinstaller.ProfileInstallReceiver"
166-->[androidx.profileinstaller:profileinstaller:1.4.0] AndroidManifest.xml:35:13-76
167            android:directBootAware="false"
167-->[androidx.profileinstaller:profileinstaller:1.4.0] AndroidManifest.xml:36:13-44
168            android:enabled="true"
168-->[androidx.profileinstaller:profileinstaller:1.4.0] AndroidManifest.xml:37:13-35
169            android:exported="true"
169-->[androidx.profileinstaller:profileinstaller:1.4.0] AndroidManifest.xml:38:13-36
170            android:permission="android.permission.DUMP" >
170-->[androidx.profileinstaller:profileinstaller:1.4.0] AndroidManifest.xml:39:13-57
171            <intent-filter>
171-->[androidx.profileinstaller:profileinstaller:1.4.0] AndroidManifest.xml:40:13-42:29
172                <action android:name="androidx.profileinstaller.action.INSTALL_PROFILE" />
172-->[androidx.profileinstaller:profileinstaller:1.4.0] AndroidManifest.xml:41:17-91
172-->[androidx.profileinstaller:profileinstaller:1.4.0] AndroidManifest.xml:41:25-88
173            </intent-filter>
174            <intent-filter>
174-->[androidx.profileinstaller:profileinstaller:1.4.0] AndroidManifest.xml:43:13-45:29
175                <action android:name="androidx.profileinstaller.action.SKIP_FILE" />
175-->[androidx.profileinstaller:profileinstaller:1.4.0] AndroidManifest.xml:44:17-85
175-->[androidx.profileinstaller:profileinstaller:1.4.0] AndroidManifest.xml:44:25-82
176            </intent-filter>
177            <intent-filter>
177-->[androidx.profileinstaller:profileinstaller:1.4.0] AndroidManifest.xml:46:13-48:29
178                <action android:name="androidx.profileinstaller.action.SAVE_PROFILE" />
178-->[androidx.profileinstaller:profileinstaller:1.4.0] AndroidManifest.xml:47:17-88
178-->[androidx.profileinstaller:profileinstaller:1.4.0] AndroidManifest.xml:47:25-85
179            </intent-filter>
180            <intent-filter>
180-->[androidx.profileinstaller:profileinstaller:1.4.0] AndroidManifest.xml:49:13-51:29
181                <action android:name="androidx.profileinstaller.action.BENCHMARK_OPERATION" />
181-->[androidx.profileinstaller:profileinstaller:1.4.0] AndroidManifest.xml:50:17-95
181-->[androidx.profileinstaller:profileinstaller:1.4.0] AndroidManifest.xml:50:25-92
182            </intent-filter>
183        </receiver>
184    </application>
185
186</manifest>